# Logfile created on Fri Aug 13 11:34:46 -0400 2010 by logger.rb/99999



W, [2010-08-13T11:57:23.664000 #14489]  WARN -- : Didn't recognize line 'collection = "Catalog"'


!find

############ COMPLETED #############
W, [2010-08-13T11:35:49.591000 #14227]  WARN -- : Skipping custom line oclc = custom, getOclcNum
W, [2010-08-13T11:35:49.592000 #14227]  WARN -- : Skipping custom line sdrnum = custom, getSDRNum
W, [2010-08-13T11:35:49.598000 #14227]  WARN -- : Skipping custom line language = custom, getLanguage, language_map.properties

W, [2010-08-13T11:35:49.614000 #14227]  WARN -- : Skipping custom line title = custom, getTitle(abdefghknp)
W, [2010-08-13T11:35:49.614000 #14227]  WARN -- : Skipping custom line title_ab = custom, getTitle(akb)
W, [2010-08-13T11:35:49.615000 #14227]  WARN -- : Skipping custom line title_a = custom, getTitle(ak)
W, [2010-08-13T11:35:49.616000 #14227]  WARN -- : Skipping custom line titleSort = custom, getTitle_sort

W, [2010-08-13T11:35:49.631000 #14227]  WARN -- : Skipping custom line publishDateRange = custom, getPublishDateRange

W, [2010-08-13T11:35:49.621000 #14227]  WARN -- : Skipping custom line serialTitle = custom, getSerialTitle(abdefghknp)
W, [2010-08-13T11:35:49.621000 #14227]  WARN -- : Skipping custom line serialTitle_ab = custom, getSerialTitle(ab)
W, [2010-08-13T11:35:49.622000 #14227]  WARN -- : Skipping custom line serialTitle_a = custom, getSerialTitle(a)
W, [2010-08-13T11:35:49.622000 #14227]  WARN -- : Skipping custom line serialTitle_rest = custom, getDataForFormat(130adfgklmnoprst:210ab:222ab:240adfgklmnprs:246abdenp:247abdenp:730anp:740anp:765st:767st:770st:772st:775st:776st:777st:780st:785st:786st:787st,SE)

W, [2010-08-13T11:35:49.591000 #14227]  WARN -- : Skipping custom line htsource = custom, getHTNameSpace, ht_namespace_map.properties
W, [2010-08-13T11:35:49.608000 #14227]  WARN -- : Skipping custom line ht_id_update = custom, getHathiUpdate
W, [2010-08-13T11:35:49.608000 #14227]  WARN -- : Skipping custom line ht_id_display = custom, getHathiData
W, [2010-08-13T11:35:49.609000 #14227]  WARN -- : Skipping custom line ht_json = custom, getHathiDataJSON

W, [2010-08-13T11:35:49.626000 #14227]  WARN -- : Skipping custom line hlb3 = custom, getHLB3
W, [2010-08-13T11:35:49.627000 #14227]  WARN -- : Skipping custom line hlb3Delimited = custom, getHLB3Delimited


